<persistence version="2.1"
             xmlns="http://xmlns.jcp.org/xml/ns/persistence" xmlns:xsi="http://www.w3.org/2001/XMLSchema-instance"
             xsi:schemaLocation="
        http://xmlns.jcp.org/xml/ns/persistence
        http://xmlns.jcp.org/xml/ns/persistence/persistence_2_1.xsd">
    <persistence-unit name="primary">
        <!--<jta-data-source>java:/TestMariaDbDs</jta-data-source>-->
        <jta-data-source>java:/MariaDbDs</jta-data-source>
        <!--<jta-data-source>java:jboss/datasources/RIM</jta-data-source>-->
        <properties>
            <!-- Properties for Hibernate -->
            <property name="hibernate.hbm2ddl.auto" value="create"/>
            <!-- Hibernate bug update does not generate constraints -->
            <property name="hibernate.show_sql" value="true"/>
        </properties>
    </persistence-unit>
</persistence>
